<?xml version="1.0" encoding="UTF-8"?>
<!-- Generated by org.testng.reporters.JUnitReportReporter -->
<testsuite hostname="USKOLSOUMARKUN2" failures="0" tests="10" name="Test.APITests" time="9.701" errors="0" timestamp="25 Aug 2024 03:53:12 GMT">
  <testcase classname="Test.APITests" name="LoginNegativeScenario" time="0.601"/>
  <testcase classname="Test.APITests" name="createRequest" time="2.356"/>
  <testcase classname="Test.APITests" name="Login" time="1.123"/>
  <testcase classname="Test.APITests" name="validatePaginationLimit1" time="1.404"/>
  <testcase classname="Test.APITests" name="singleUserNegativeScenario" time="0.470"/>
  <testcase classname="Test.APITests" name="Register" time="0.802"/>
  <testcase classname="Test.APITests" name="registerNegativeScenario" time="1.396"/>
  <testcase classname="Test.APITests" name="createNegativeScenario" time="0.583"/>
  <testcase classname="Test.APITests" name="deleteNegativeScenario" time="0.715"/>
  <testcase classname="Test.APITests" name="validatePaginationLimit2" time="0.251"/>
</testsuite> <!-- Test.APITests -->
